[crestfund.webflow.io/index.html]
[backblue.gif]
[fade.gif]
[index.html]
[cdn.prod.website-files.com/66e163c5a926b473a45cb960/css/crestfund.webflow.b8554ac6a.css]
[ajax.googleapis.com/ajax/libs/webfont/1.6.26/webfont.js]
[cdn.prod.website-files.com/66e163c5a926b473a45cb960/66e424d9a75f0eb7e72c0e05_Group 1410103858.png]
[cdn.prod.website-files.com/66e163c5a926b473a45cb960/66e424de08b1ccd0100a6add_Group 1410103859.png]
[crestfund.webflow.io/about.html]
[crestfund.webflow.io/portfolio.html]
[crestfund.webflow.io/investors.html]
[crestfund.webflow.io/contact.html]
[crestfund.webflow.io/utility-pages/licenses.html]
[d3e54v103j8qbb.cloudfront.net/js/jquery-3.5.1.min.dc5e7f18c80126.js]
[crestfund.webflow.io/index.html]
[cdn.prod.website-files.com/66e163c5a926b473a45cb960/css/crestfund.webflow.b8554ac6a.css]
[crestfund.webflow.io/about.html]
[crestfund.webflow.io/portfolio.html]
[cdn.prod.website-files.com/66e163c5a926b473a45cb960/js/webflow.f32238d50.js]
[crestfund.webflow.io/investors/audienceplus.html]
[crestfund.webflow.io/investors/atenttive.html]
[crestfund.webflow.io/investors/anvl.html]
[crestfund.webflow.io/investors/amplio.html]
[crestfund.webflow.io/investors.html]
[crestfund.webflow.io/contact.html]
[crestfund.webflow.io/utility-pages/licenses.html]
[crestfund.webflow.io/investors/airwave.html]
[cdn.prod.website-files.com/66e163c5a926b473a45cb960/66e3f099dedd07448b401204_Frame-1410104254.png]
[cdn.prod.website-files.com/66e163c5a926b473a45cb960/66e3f09adac05b76d2307709_Frame-1410104255.png]
[cdn.prod.website-files.com/66e163c5a926b473a45cb960/66e3f09befecdd8e7f5f015a_Frame-1410104254.png]
[cdn.prod.website-files.com/66e163c5a926b473a45cb960/66e3f09cd8eea164e33e5af3_Frame-1410104257.png]
[crestfund.webflow.io/investors/audienceplus.html]
[crestfund.webflow.io/investors/atenttive.html]
[crestfund.webflow.io/investors/anvl.html]
[crestfund.webflow.io/investors/amplio.html]
[crestfund.webflow.io/investors/airwave.html]
